#
# There is insufficient memory for the Java Runtime Environment to continue.
# Native memory allocation (mmap) failed to map 67108864 bytes for Failed to commit area from 0x00000000c1c00000 to 0x00000000c5c00000 of length 67108864.
# Possible reasons:
#   The system is out of physical RAM or swap space
#   The process is running with CompressedOops enabled, and the Java Heap may be blocking the growth of the native heap
# Possible solutions:
#   Reduce memory load on the system
#   Increase physical memory or swap space
#   Check if swap backing store is full
#   Decrease Java heap size (-Xmx/-Xms)
#   Decrease number of Java threads
#   Decrease Java thread stack sizes (-Xss)
#   Set larger code cache with -XX:ReservedCodeCacheSize=
# This output file may be truncated or incomplete.
#
#  Out of Memory Error (c:/ws/OmP/Corretto11Src/installers/windows/zip/corretto-build/buildRoot/src/src/hotspot/os/windows/os_windows.cpp:3291), pid=20344, tid=16948
#
# JRE version:  (11.0.5+10) (build )
# Java VM: OpenJDK 64-Bit Server VM (11.0.5+10-LTS, mixed mode, aot, sharing, tiered, compressed oops, g1 gc, windows-amd64)
# No core dump will be written. Minidumps are not enabled by default on client versions of Windows
#

---------------  S U M M A R Y ------------

Command Line: -Dfile.encoding=Cp1252 VirtualPetApp1

Host: Intel(R) Core(TM) i5-2520M CPU @ 2.50GHz, 4 cores, 3G,  Windows 10 , 64 bit Build 18362 (10.0.18362.329)
Time: Sun Jan 12 21:04:43 2020 Eastern Standard Time elapsed time: 0 seconds (0d 0h 0m 0s)

---------------  T H R E A D  ---------------

Current thread (0x00000291591ea000):  JavaThread "Unknown thread" [_thread_in_vm, id=16948, stack(0x000000ed3b500000,0x000000ed3b600000)]

Stack: [0x000000ed3b500000,0x000000ed3b600000]
Native frames: (J=compiled Java code, j=interpreted, Vv=VM code, C=native code)
V  [jvm.dll+0x5d9aaa]
V  [jvm.dll+0x70edbe]
V  [jvm.dll+0x71044b]
V  [jvm.dll+0x710b13]
V  [jvm.dll+0x23f658]
V  [jvm.dll+0x5d6f4a]
V  [jvm.dll+0x5cbb35]
V  [jvm.dll+0x2f4cac]
V  [jvm.dll+0x2f4b32]
V  [jvm.dll+0x2f97e6]
V  [jvm.dll+0x33ad8f]
V  [jvm.dll+0x33a7c0]
V  [jvm.dll+0x2d20c8]
V  [jvm.dll+0x2d3216]
V  [jvm.dll+0x6eab37]
V  [jvm.dll+0x6ec2bf]
V  [jvm.dll+0x347c69]
V  [jvm.dll+0x6cf050]
V  [jvm.dll+0x3af4af]
V  [jvm.dll+0x3b1991]
C  [jli.dll+0x51fb]
C  [ucrtbase.dll+0x20e72]
C  [KERNEL32.DLL+0x17bd4]
C  [ntdll.dll+0x6ced1]


---------------  P R O C E S S  ---------------

Threads class SMR info:
_java_thread_list=0x0000029157075650, length=0, elements={
}

Java Threads: ( => current thread )

Other Threads:
  0x0000029159202800 GCTaskThread "GC Thread#0" [stack: 0x000000ed3b600000,0x000000ed3b700000] [id=9056]
  0x000002915921e800 ConcurrentGCThread "G1 Main Marker" [stack: 0x000000ed3b700000,0x000000ed3b800000] [id=20272]
  0x000002915921f800 ConcurrentGCThread "G1 Conc#0" [stack: 0x000000ed3b800000,0x000000ed3b900000] [id=19880]

[error occurred during error reporting (printing all threads), id 0xc0000005, EXCEPTION_ACCESS_VIOLATION (0xc0000005) at pc=0x00007ffdddc51717]

VM state:not at safepoint (not fully initialized)

VM Mutex/Monitor currently owned by a thread:  ([mutex/lock_event])
[0x00000291591e4ec0] Heap_lock - owner thread: 0x00000291591ea000

Heap address: 0x00000000c1c00000, size: 996 MB, Compressed Oops mode: Non-zero based: 0x00000000c1c00000
Narrow klass base: 0x0000000000000000, Narrow klass shift: 0

GC Heap History (0 events):
No events

Deoptimization events (0 events):
No events

Classes redefined (0 events):
No events

Internal exceptions (0 events):
No events

Events (0 events):
No events


Dynamic libraries:
0x00007ff7b8e30000 - 0x00007ff7b8e3d000 	C:\Program Files\Amazon Corretto\jdk11.0.5_10\bin\javaw.exe
0x00007ffe32fa0000 - 0x00007ffe33190000 	C:\WINDOWS\SYSTEM32\ntdll.dll
0x00007ffe32850000 - 0x00007ffe32902000 	C:\WINDOWS\System32\KERNEL32.DLL
0x00007ffe30180000 - 0x00007ffe30423000 	C:\WINDOWS\System32\KERNELBASE.dll
0x00007ffe2ff30000 - 0x00007ffe3002a000 	C:\WINDOWS\System32\ucrtbase.dll
0x00007ffe26d10000 - 0x00007ffe26d25000 	C:\Program Files\Amazon Corretto\jdk11.0.5_10\bin\VCRUNTIME140.dll
0x00007ffe26cf0000 - 0x00007ffe26d07000 	C:\Program Files\Amazon Corretto\jdk11.0.5_10\bin\jli.dll
0x00007ffe325a0000 - 0x00007ffe32734000 	C:\WINDOWS\System32\USER32.dll
0x00007ffe30430000 - 0x00007ffe30451000 	C:\WINDOWS\System32\win32u.dll
0x00007ffe23410000 - 0x00007ffe23695000 	C:\WINDOWS\WinSxS\amd64_microsoft.windows.common-controls_6595b64144ccf1df_6.0.18362.535_none_e6c3b34713100821\COMCTL32.dll
0x00007ffe317d0000 - 0x00007ffe317f6000 	C:\WINDOWS\System32\GDI32.dll
0x00007ffe31800000 - 0x00007ffe3189e000 	C:\WINDOWS\System32\msvcrt.dll
0x00007ffe30eb0000 - 0x00007ffe31044000 	C:\WINDOWS\System32\gdi32full.dll
0x00007ffe32260000 - 0x00007ffe32596000 	C:\WINDOWS\System32\combase.dll
0x00007ffe300e0000 - 0x00007ffe3017e000 	C:\WINDOWS\System32\msvcp_win.dll
0x00007ffe32e40000 - 0x00007ffe32f60000 	C:\WINDOWS\System32\RPCRT4.dll
0x00007ffe30600000 - 0x00007ffe30680000 	C:\WINDOWS\System32\bcryptPrimitives.dll
0x00007ffe310b0000 - 0x00007ffe310de000 	C:\WINDOWS\System32\IMM32.DLL
0x00007ffe1a590000 - 0x00007ffe1a62b000 	C:\Program Files\Amazon Corretto\jdk11.0.5_10\bin\msvcp140.dll
0x00007ffddd970000 - 0x00007ffdde42a000 	C:\Program Files\Amazon Corretto\jdk11.0.5_10\bin\server\jvm.dll
0x00007ffe31160000 - 0x00007ffe31203000 	C:\WINDOWS\System32\ADVAPI32.dll
0x00007ffe31a60000 - 0x00007ffe31af7000 	C:\WINDOWS\System32\sechost.dll
0x00007ffe32d10000 - 0x00007ffe32d18000 	C:\WINDOWS\System32\PSAPI.DLL
0x00007ffe2c600000 - 0x00007ffe2c609000 	C:\WINDOWS\SYSTEM32\WSOCK32.dll
0x00007ffe32dd0000 - 0x00007ffe32e3f000 	C:\WINDOWS\System32\WS2_32.dll
0x00007ffe2ca60000 - 0x00007ffe2ca84000 	C:\WINDOWS\SYSTEM32\WINMM.dll
0x00007ffe21b50000 - 0x00007ffe21b5a000 	C:\WINDOWS\SYSTEM32\VERSION.dll
0x00007ffe2ca30000 - 0x00007ffe2ca5d000 	C:\WINDOWS\SYSTEM32\winmmbase.dll
0x00007ffe305b0000 - 0x00007ffe305fa000 	C:\WINDOWS\System32\cfgmgr32.dll
0x00007ffe2fef0000 - 0x00007ffe2ff01000 	C:\WINDOWS\System32\kernel.appcore.dll
0x00007ffe260b0000 - 0x00007ffe260c0000 	C:\Program Files\Amazon Corretto\jdk11.0.5_10\bin\verify.dll
0x00007ffe1fa50000 - 0x00007ffe1fc44000 	C:\WINDOWS\SYSTEM32\DBGHELP.DLL
0x00007ffe1f940000 - 0x00007ffe1f96a000 	C:\WINDOWS\SYSTEM32\dbgcore.DLL
0x00007ffe162b0000 - 0x00007ffe162d8000 	C:\Program Files\Amazon Corretto\jdk11.0.5_10\bin\java.dll
0x00007ffe1c8a0000 - 0x00007ffe1c8b6000 	C:\Program Files\Amazon Corretto\jdk11.0.5_10\bin\zip.dll
0x00007ffe22150000 - 0x00007ffe2215a000 	C:\Program Files\Amazon Corretto\jdk11.0.5_10\bin\jimage.dll

dbghelp: loaded successfully - version: 4.0.5 - missing functions: none
symbol engine: initialized successfully - sym options: 0x614 - pdb path: .;C:\Program Files\Amazon Corretto\jdk11.0.5_10\bin;C:\WINDOWS\SYSTEM32;C:\WINDOWS\WinSxS\amd64_microsoft.windows.common-controls_6595b64144ccf1df_6.0.18362.535_none_e6c3b34713100821;C:\Program Files\Amazon Corretto\jdk11.0.5_10\bin\server

VM Arguments:
jvm_args: -Dfile.encoding=Cp1252 
java_command: VirtualPetApp1
java_class_path (initial): C:\Users\WeCanCodeIT\eclipse-workspace\virtual-pet\bin\main
Launcher Type: SUN_STANDARD

[Global flags]
     intx CICompilerCount                          = 3                                         {product} {ergonomic}
     uint ConcGCThreads                            = 1                                         {product} {ergonomic}
     uint G1ConcRefinementThreads                  = 4                                         {product} {ergonomic}
   size_t G1HeapRegionSize                         = 1048576                                   {product} {ergonomic}
    uintx GCDrainStackTargetSize                   = 64                                        {product} {ergonomic}
   size_t InitialHeapSize                          = 67108864                                  {product} {ergonomic}
   size_t MarkStackSize                            = 4194304                                   {product} {ergonomic}
   size_t MaxHeapSize                              = 1044381696                                {product} {ergonomic}
   size_t MinHeapDeltaBytes                        = 1048576                                   {product} {ergonomic}
    uintx NonNMethodCodeHeapSize                   = 5830732                                {pd product} {ergonomic}
    uintx NonProfiledCodeHeapSize                  = 122913754                              {pd product} {ergonomic}
    uintx ProfiledCodeHeapSize                     = 122913754                              {pd product} {ergonomic}
    uintx ReservedCodeCacheSize                    = 251658240                              {pd product} {ergonomic}
     bool SegmentedCodeCache                       = true                                      {product} {ergonomic}
     bool UseCompressedClassPointers               = true                                 {lp64_product} {ergonomic}
     bool UseCompressedOops                        = true                                 {lp64_product} {ergonomic}
     bool UseG1GC                                  = true                                      {product} {ergonomic}
     bool UseLargePagesIndividualAllocation        = false                                  {pd product} {ergonomic}

Logging:
Log output configuration:
 #0: stdout all=warning uptime,level,tags
 #1: stderr all=off uptime,level,tags

Environment Variables:
JAVA_HOME=C:\Program Files\Amazon Corretto\jdk11.0.5_10
PATH=C:/Program Files/Amazon Corretto/jdk11.0.5_10/bin/server;C:/Program Files/Amazon Corretto/jdk11.0.5_10/bin;C:\Program Files\Amazon Corretto\jdk11.0.5_10\bin;C:\Python27\;C:\Python27\Scripts;C:\Program Files (x86)\Intel\iCLS Client\;C:\Program Files\Intel\iCLS Client\;C:\WINDOWS\system32;C:\WINDOWS;C:\WINDOWS\System32\Wbem;C:\Program Files\Sublime Text 3;C:\lazybones\0.8.3\bin;C:\WINDOWS\System32\WindowsPowerShell\v1.0\;C:\Program Files (x86)\Intel\Intel(R) Management Engine Components\DAL;C:\Program Files\Intel\Intel(R) Management Engine Components\DAL;C:\Program Files (x86)\Intel\Intel(R) Management Engine Components\IPT;C:\Program Files\Intel\Intel(R) Management Engine Components\IPT;C:\WINDOWS\System32\OpenSSH\;C:\Program Files\nodejs\;C:\ProgramData\chocolatey\bin;C:\Program Files\Git\cmd;C:\Gradle\gradle-6.0.1\bin;C:\Program Files\MySQL\MySQL Shell 8.0\bin\;C:\Users\WeCanCodeIT\AppData\Local\Programs\Microsoft VS Code\bin;C:\Users\WeCanCodeIT\eclipse\java-2019-122\eclipse;
USERNAME=WeCanCodeIT
OS=Windows_NT
PROCESSOR_IDENTIFIER=Intel64 Family 6 Model 42 Stepping 7, GenuineIntel



---------------  S Y S T E M  ---------------

OS: Windows 10 , 64 bit Build 18362 (10.0.18362.329)

CPU:total 4 (initial active 4) (2 cores per cpu, 2 threads per core) family 6 model 42 stepping 7, cmov, cx8, fxsr, mmx, sse, sse2, sse3, ssse3, sse4.1, sse4.2, popcnt, avx, aes, clmul, ht, tsc, tscinvbit

Memory: 4k page, system-wide physical 3977M (787M free)
TotalPageFile size 16265M (AvailPageFile size 24M)
current process WorkingSet (physical memory assigned to process): 9M, peak: 9M
current process commit charge ("private bytes"): 51M, peak: 115M

vm_info: OpenJDK 64-Bit Server VM (11.0.5+10-LTS) for windows-amd64 JRE (11.0.5+10-LTS), built on Oct 12 2019 22:26:57 by "Administrator" with unknown MS VC++:1916

END.
